<?xml version="1.0" encoding="UTF-8"?>
<!-- Generated by org.testng.reporters.JUnitReportReporter -->
<testsuite hostname="DESKTOP-0FAS29R" name="com.parishta.FirstSelenium.TestTest" tests="1" failures="0" timestamp="31 Jan 2017 04:05:26 GMT" time="77.209" errors="0">
  <testcase name="login" time="77.209" classname="com.parishta.FirstSelenium.TestTest"/>
</testsuite> <!-- com.parishta.FirstSelenium.TestTest -->
