<?xml version="1.0" encoding="UTF-8"?>
<!-- Generated by org.testng.reporters.JUnitReportReporter -->
<testsuite hostname="DESKTOP-0FAS29R" name="com.parishta.BestHypnoAutomation.RegTest" tests="1" failures="0" timestamp="1 Feb 2017 15:46:02 GMT" time="7.988" errors="0">
  <testcase name="test" time="7.988" classname="com.parishta.BestHypnoAutomation.RegTest"/>
</testsuite> <!-- com.parishta.BestHypnoAutomation.RegTest -->
